<?xml version="1.0" encoding="UTF-8"?>
<testng-results ignored="0" total="2" passed="2" failed="0" skipped="0">
  <reporter-output>
  </reporter-output>
  <suite started-at="2022-11-14T13:49:54 CST" name="Default suite" finished-at="2022-11-14T13:49:54 CST" duration-ms="17">
    <groups>
    </groups>
    <test started-at="2022-11-14T13:49:54 CST" name="Default test" finished-at="2022-11-14T13:49:54 CST" duration-ms="17">
      <class name="Demo.FirstClass">
        <test-method signature="FirstTest()[pri:0, instance:Demo.FirstClass@186f8716]" started-at="2022-11-14T13:49:54 CST" name="FirstTest" finished-at="2022-11-14T13:49:54 CST" duration-ms="3" status="PASS">
          <reporter-output>
          </reporter-output>
        </test-method> <!-- FirstTest -->
        <test-method signature="SecondTest()[pri:0, instance:Demo.FirstClass@186f8716]" started-at="2022-11-14T13:49:54 CST" name="SecondTest" finished-at="2022-11-14T13:49:54 CST" duration-ms="1" status="PASS">
          <reporter-output>
          </reporter-output>
        </test-method> <!-- SecondTest -->
      </class> <!-- Demo.FirstClass -->
    </test> <!-- Default test -->
  </suite> <!-- Default suite -->
</testng-results>
